DEBUG - urllib3.connectionpool - Starting new HTTPS connection (1): download2.interactivebrokers.com:443
DEBUG - urllib3.connectionpool - https://download2.interactivebrokers.com:443 "GET /portal/clientportal.beta.gw.zip HTTP/1.1" 200 10609312
INFO - root - 
        Operating System: win32
        Session State Path: D:\repos\ib_try\venv\Lib\site-packages\ibw\server_session.json
        Client Portal Folder: D:\repos\ib_try\venv\Lib\site-packages\resources\clientportal.beta.gw
        
DEBUG - root - 
            Server State: load
            State File: False
            
DEBUG - root - 
            Server Prcoess Init: None
            
INFO - root - Server Process: None
DEBUG - root - Running Client Folder at: D:\repos\ib_try\venv\Lib\site-packages\resources\clientportal.beta.gw
INFO - root - 
        Operating System: win32
        Session State Path: D:\repos\ib_try\venv\Lib\site-packages\ibw\server_session.json
        Client Portal Folder: D:/ibgateway/
        
DEBUG - root - 
            Server State: load
            State File: False
            
DEBUG - root - 
            Server Prcoess Init: None
            
INFO - root - Server Process: None
DEBUG - root - Running Client Folder at: D:/ibgateway/
DEBUG - root - 
            Server State: save
            State File: False
            
DEBUG - urllib3.connectionpool - Starting new HTTPS connection (1): localhost:5000
INFO - root - 
        Operating System: win32
        Session State Path: D:\repos\ib_try\venv\Lib\site-packages\ibw\server_session.json
        Client Portal Folder: D:/ibgateway/
        
DEBUG - root - 
            Server State: load
            State File: True
            
DEBUG - root - 
                            Process ID Found: cmd.exe                      24000 Console                    1     4ˇ292 äÅ
                            
DEBUG - root - 
            Server Prcoess Init: 24000
            
INFO - root - Server Process: 24000
DEBUG - urllib3.connectionpool - Starting new HTTPS connection (1): localhost:5000
